1658846619386	geckodriver	INFO	Listening on 127.0.0.1:55405
1658846622433	mozrunner::runner	INFO	Running command: "C:\\Program Files\\Mozilla Firefox\\firefox.exe" "--marionette" "--remote-debugging-port" "55406" "--remote-allow-hosts" "localhost" "-no-remote" "-profile" "C:\\Users\\ivern\\AppData\\Local\\Temp\\rust_mozprofile4FEaYk"
1658846622826	Marionette	INFO	Marionette enabled
1658846622831	Marionette	INFO	Listening on port 55416
WebDriver BiDi listening on ws://localhost:55406
Read port: 55416
1658846622956	RemoteAgent	WARN	TLS certificate errors will be ignored for this session
console.warn: SearchSettings: "get: No settings file exists, new profile?" (new NotFoundError("Could not open the file at C:\\Users\\ivern\\AppData\\Local\\Temp\\rust_mozprofile4FEaYk\\search.json.mozlz4", (void 0)))
DevTools listening on ws://localhost:55406/devtools/browser/7ab2ee63-fbb2-4476-8f25-3a686a196583
JavaScript warning: https://pagead2.googlesyndication.com/bg/V6DtokwJh9Fgiqydg7O-dbjnh59Yi9_n4aBMW1s9fk8.js line 2 > eval line 539 > eval line 1 > eval line 1 > eval, line 1: WEBGL_debug_renderer_info is deprecated in Firefox and will be removed. Please use RENDERER.
JavaScript warning: https://pagead2.googlesyndication.com/bg/V6DtokwJh9Fgiqydg7O-dbjnh59Yi9_n4aBMW1s9fk8.js line 2 > eval line 3222 > eval line 1 > eval line 1 > eval, line 1: WEBGL_debug_renderer_info is deprecated in Firefox and will be removed. Please use RENDERER.
JavaScript warning: https://pagead2.googlesyndication.com/bg/V6DtokwJh9Fgiqydg7O-dbjnh59Yi9_n4aBMW1s9fk8.js line 2 > eval line 4602 > eval line 1 > eval line 1 > eval, line 1: WEBGL_debug_renderer_info is deprecated in Firefox and will be removed. Please use RENDERER.
JavaScript error: https://cdn.ad.plus/player/adplus.js, line 400: TypeError: e(...).setup is not a function
1658846629314	Marionette	INFO	Stopped listening on port 55416
JavaScript error: , line 0: TypeError: NetworkError when attempting to fetch resource.
JavaScript error: , line 0: TypeError: NetworkError when attempting to fetch resource.
JavaScript error: , line 0: TypeError: NetworkError when attempting to fetch resource.
JavaScript error: resource://gre/modules/Sqlite.jsm, line 1109: Error: Sqlite.jsm has been shutdown. Cannot open connection to: C:\Users\ivern\AppData\Local\Temp\rust_mozprofile4FEaYk\protections.sqlite
1658850738124	geckodriver	INFO	Listening on 127.0.0.1:57785
1658850741170	mozrunner::runner	INFO	Running command: "C:\\Program Files\\Mozilla Firefox\\firefox.exe" "--marionette" "--remote-debugging-port" "57786" "--remote-allow-hosts" "localhost" "-no-remote" "-profile" "C:\\Users\\ivern\\AppData\\Local\\Temp\\rust_mozprofileJn3lin"
1658850741490	Marionette	INFO	Marionette enabled
1658850741495	Marionette	INFO	Listening on port 57795
WebDriver BiDi listening on ws://localhost:57786
Read port: 57795
1658850741731	RemoteAgent	WARN	TLS certificate errors will be ignored for this session
console.warn: SearchSettings: "get: No settings file exists, new profile?" (new NotFoundError("Could not open the file at C:\\Users\\ivern\\AppData\\Local\\Temp\\rust_mozprofileJn3lin\\search.json.mozlz4", (void 0)))
DevTools listening on ws://localhost:57786/devtools/browser/3efe4067-ea85-4659-9dd8-116fab0dc121
JavaScript error: https://2893e2d0e045c8c08e32e1c77038400a.safeframe.googlesyndication.com/safeframe/1-0-38/html/container.html, line 13: ReferenceError: googqscp is not defined
JavaScript warning: https://pagead2.googlesyndication.com/bg/V6DtokwJh9Fgiqydg7O-dbjnh59Yi9_n4aBMW1s9fk8.js line 2 > eval line 4249 > eval line 1 > eval line 1 > eval, line 1: WEBGL_debug_renderer_info is deprecated in Firefox and will be removed. Please use RENDERER.
JavaScript warning: https://pagead2.googlesyndication.com/bg/V6DtokwJh9Fgiqydg7O-dbjnh59Yi9_n4aBMW1s9fk8.js line 2 > eval line 1307 > eval line 1 > eval line 1 > eval, line 1: WEBGL_debug_renderer_info is deprecated in Firefox and will be removed. Please use RENDERER.
JavaScript error: https://cdn.ad.plus/player/adplus.js, line 400: TypeError: e(...).setup is not a function
JavaScript warning: https://pagead2.googlesyndication.com/bg/V6DtokwJh9Fgiqydg7O-dbjnh59Yi9_n4aBMW1s9fk8.js line 2 > eval line 3364 > eval line 1 > eval line 1 > eval, line 1: WEBGL_debug_renderer_info is deprecated in Firefox and will be removed. Please use RENDERER.
JavaScript warning: https://pagead2.googlesyndication.com/bg/V6DtokwJh9Fgiqydg7O-dbjnh59Yi9_n4aBMW1s9fk8.js line 2 > eval line 7551 > eval line 1 > eval line 1 > eval, line 1: WEBGL_debug_renderer_info is deprecated in Firefox and will be removed. Please use RENDERER.
1658850761066	geckodriver	INFO	Listening on 127.0.0.1:57884
1658850764106	mozrunner::runner	INFO	Running command: "C:\\Program Files\\Mozilla Firefox\\firefox.exe" "--marionette" "--remote-debugging-port" "57885" "--remote-allow-hosts" "localhost" "-no-remote" "-profile" "C:\\Users\\ivern\\AppData\\Local\\Temp\\rust_mozprofilecv6IGo"
1658850764389	Marionette	INFO	Marionette enabled
1658850764393	Marionette	INFO	Listening on port 57894
WebDriver BiDi listening on ws://localhost:57885
Read port: 57894
1658850764502	RemoteAgent	WARN	TLS certificate errors will be ignored for this session
console.warn: SearchSettings: "get: No settings file exists, new profile?" (new NotFoundError("Could not open the file at C:\\Users\\ivern\\AppData\\Local\\Temp\\rust_mozprofilecv6IGo\\search.json.mozlz4", (void 0)))
DevTools listening on ws://localhost:57885/devtools/browser/3b9d571b-5da0-4809-a061-8412334c0933
JavaScript warning: https://pagead2.googlesyndication.com/bg/V6DtokwJh9Fgiqydg7O-dbjnh59Yi9_n4aBMW1s9fk8.js line 2 > eval line 2108 > eval line 1 > eval line 1 > eval, line 1: WEBGL_debug_renderer_info is deprecated in Firefox and will be removed. Please use RENDERER.
JavaScript warning: https://pagead2.googlesyndication.com/bg/V6DtokwJh9Fgiqydg7O-dbjnh59Yi9_n4aBMW1s9fk8.js line 2 > eval line 6677 > eval line 1 > eval line 1 > eval, line 1: WEBGL_debug_renderer_info is deprecated in Firefox and will be removed. Please use RENDERER.
JavaScript error: https://cdn.ad.plus/player/adplus.js, line 400: TypeError: e(...).setup is not a function
JavaScript warning: https://pagead2.googlesyndication.com/bg/V6DtokwJh9Fgiqydg7O-dbjnh59Yi9_n4aBMW1s9fk8.js line 2 > eval line 4764 > eval line 1 > eval line 1 > eval, line 1: WEBGL_debug_renderer_info is deprecated in Firefox and will be removed. Please use RENDERER.
console.warn: LoginRecipes: "getRecipes: falling back to a synchronous message for:" "https://demoqa.com"
1658850803264	Marionette	INFO	Stopped listening on port 57894
JavaScript error: , line 0: TypeError: NetworkError when attempting to fetch resource.
JavaScript error: , line 0: TypeError: NetworkError when attempting to fetch resource.
[Parent 5680, IPC I/O Parent] WARNING: file /builds/worker/checkouts/gecko/ipc/chromium/src/base/process_util_win.cc:167
console.warn: TopSitesFeed: Failed to fetch data from Contile server: NetworkError when attempting to fetch resource.
